<?xml version="1.0" encoding="UTF-8"?>
<!-- Generated by org.testng.reporters.JUnitXMLReporter -->
<testsuite hostname="DESKTOP-0KLE8L4" ignored="0" name="Test" tests="4" failures="0" timestamp="18 Jul 2020 07:28:25 GMT" time="162.416" errors="0">
  <testcase name="signUp" time="9.708" classname="com.automation.FirstTest"/>
  <testcase name="addToCart" time="35.983" classname="com.automation.ThirdTest"/>
  <testcase name="login" time="9.524" classname="com.automation.SecondTest"/>
  <testcase name="searchProduct" time="20.064" classname="com.automation.FourthTest"/>
</testsuite> <!-- Test -->
