<?xml version="1.0" encoding="UTF-8"?>
<testng-results skipped="0" failed="0" ignored="0" total="4" passed="4">
  <reporter-output>
  </reporter-output>
  <suite name="Suite" duration-ms="162416" started-at="2020-07-18T07:25:42Z" finished-at="2020-07-18T07:28:25Z">
    <groups>
    </groups>
    <test name="Test" duration-ms="162416" started-at="2020-07-18T07:25:42Z" finished-at="2020-07-18T07:28:25Z">
      <class name="com.automation.SecondTest">
        <test-method status="PASS" signature="testSetup()[pri:0, instance:com.automation.SecondTest@29ca901e]" name="testSetup" is-config="true" duration-ms="6042" started-at="2020-07-18T07:27:11Z" finished-at="2020-07-18T07:27:17Z">
          <reporter-output>
          </reporter-output>
        </test-method> <!-- testSetup -->
        <test-method status="PASS" signature="openBrowser()[pri:0, instance:com.automation.SecondTest@29ca901e]" name="openBrowser" is-config="true" duration-ms="12446" started-at="2020-07-18T07:27:17Z" finished-at="2020-07-18T07:27:29Z">
          <reporter-output>
          </reporter-output>
        </test-method> <!-- openBrowser -->
        <test-method status="PASS" signature="login()[pri:0, instance:com.automation.SecondTest@29ca901e]" name="login" duration-ms="9524" started-at="2020-07-18T07:27:29Z" description="This method validates the login functionality" finished-at="2020-07-18T07:27:39Z">
          <reporter-output>
          </reporter-output>
        </test-method> <!-- login -->
      </class> <!-- com.automation.SecondTest -->
      <class name="com.automation.FourthTest">
        <test-method status="PASS" signature="testSetup()[pri:0, instance:com.automation.FourthTest@5649fd9b]" name="testSetup" is-config="true" duration-ms="4947" started-at="2020-07-18T07:27:39Z" finished-at="2020-07-18T07:27:44Z">
          <reporter-output>
          </reporter-output>
        </test-method> <!-- testSetup -->
        <test-method status="PASS" signature="openBrowser()[pri:0, instance:com.automation.FourthTest@5649fd9b]" name="openBrowser" is-config="true" duration-ms="20828" started-at="2020-07-18T07:27:44Z" finished-at="2020-07-18T07:28:05Z">
          <reporter-output>
          </reporter-output>
        </test-method> <!-- openBrowser -->
        <test-method status="PASS" signature="searchProduct()[pri:0, instance:com.automation.FourthTest@5649fd9b]" name="searchProduct" duration-ms="20064" started-at="2020-07-18T07:28:05Z" description="This method validates the search functionality" finished-at="2020-07-18T07:28:25Z">
          <reporter-output>
          </reporter-output>
        </test-method> <!-- searchProduct -->
      </class> <!-- com.automation.FourthTest -->
      <class name="com.automation.FirstTest">
        <test-method status="PASS" signature="testSetup()[pri:0, instance:com.automation.FirstTest@73846619]" name="testSetup" is-config="true" duration-ms="8154" started-at="2020-07-18T07:25:42Z" finished-at="2020-07-18T07:25:50Z">
          <reporter-output>
          </reporter-output>
        </test-method> <!-- testSetup -->
        <test-method status="PASS" signature="openBrowser()[pri:0, instance:com.automation.FirstTest@73846619]" name="openBrowser" is-config="true" duration-ms="13112" started-at="2020-07-18T07:25:50Z" finished-at="2020-07-18T07:26:04Z">
          <reporter-output>
          </reporter-output>
        </test-method> <!-- openBrowser -->
        <test-method status="PASS" signature="signUp()[pri:0, instance:com.automation.FirstTest@73846619]" name="signUp" duration-ms="9708" started-at="2020-07-18T07:26:04Z" description="This method validates the sign up functionality" finished-at="2020-07-18T07:26:13Z">
          <reporter-output>
          </reporter-output>
        </test-method> <!-- signUp -->
      </class> <!-- com.automation.FirstTest -->
      <class name="com.automation.ThirdTest">
        <test-method status="PASS" signature="testSetup()[pri:0, instance:com.automation.ThirdTest@4bec1f0c]" name="testSetup" is-config="true" duration-ms="5095" started-at="2020-07-18T07:26:13Z" finished-at="2020-07-18T07:26:18Z">
          <reporter-output>
          </reporter-output>
        </test-method> <!-- testSetup -->
        <test-method status="PASS" signature="openBrowser()[pri:0, instance:com.automation.ThirdTest@4bec1f0c]" name="openBrowser" is-config="true" duration-ms="16472" started-at="2020-07-18T07:26:18Z" finished-at="2020-07-18T07:26:35Z">
          <reporter-output>
          </reporter-output>
        </test-method> <!-- openBrowser -->
        <test-method status="PASS" signature="addToCart()[pri:0, instance:com.automation.ThirdTest@4bec1f0c]" name="addToCart" duration-ms="35983" started-at="2020-07-18T07:26:35Z" description="This method validates the add to cart functionality" finished-at="2020-07-18T07:27:11Z">
          <reporter-output>
          </reporter-output>
        </test-method> <!-- addToCart -->
      </class> <!-- com.automation.ThirdTest -->
    </test> <!-- Test -->
  </suite> <!-- Suite -->
</testng-results>
